  MFCMain.cpp
  _WIN32_WINNT not defined. Defaulting to _WIN32_WINNT_MAXVER (see WinSDKVer.h)
C:\Users\mince\Documents\GitHub\WFFC-Edit\WOFFCEdit\MFCMain.cpp(125,20): warning C4018: '<': signed/unsigned mismatch
C:\Users\mince\Documents\GitHub\WFFC-Edit\WOFFCEdit\MFCMain.cpp(129,9): warning C4018: '<': signed/unsigned mismatch
  ToolMain.cpp
  _WIN32_WINNT not defined. Defaulting to _WIN32_WINNT_MAXVER (see WinSDKVer.h)
C:\Users\mince\Documents\GitHub\WFFC-Edit\WOFFCEdit\ToolMain.cpp(95,46): warning C4244: '=': conversion from 'double' to 'float', possible loss of data
C:\Users\mince\Documents\GitHub\WFFC-Edit\WOFFCEdit\ToolMain.cpp(96,46): warning C4244: '=': conversion from 'double' to 'float', possible loss of data
C:\Users\mince\Documents\GitHub\WFFC-Edit\WOFFCEdit\ToolMain.cpp(97,46): warning C4244: '=': conversion from 'double' to 'float', possible loss of data
C:\Users\mince\Documents\GitHub\WFFC-Edit\WOFFCEdit\ToolMain.cpp(98,46): warning C4244: '=': conversion from 'double' to 'float', possible loss of data
C:\Users\mince\Documents\GitHub\WFFC-Edit\WOFFCEdit\ToolMain.cpp(99,46): warning C4244: '=': conversion from 'double' to 'float', possible loss of data
C:\Users\mince\Documents\GitHub\WFFC-Edit\WOFFCEdit\ToolMain.cpp(100,46): warning C4244: '=': conversion from 'double' to 'float', possible loss of data
C:\Users\mince\Documents\GitHub\WFFC-Edit\WOFFCEdit\ToolMain.cpp(101,46): warning C4244: '=': conversion from 'double' to 'float', possible loss of data
C:\Users\mince\Documents\GitHub\WFFC-Edit\WOFFCEdit\ToolMain.cpp(102,46): warning C4244: '=': conversion from 'double' to 'float', possible loss of data
C:\Users\mince\Documents\GitHub\WFFC-Edit\WOFFCEdit\ToolMain.cpp(103,46): warning C4244: '=': conversion from 'double' to 'float', possible loss of data
C:\Users\mince\Documents\GitHub\WFFC-Edit\WOFFCEdit\ToolMain.cpp(115,48): warning C4244: '=': conversion from 'double' to 'float', possible loss of data
C:\Users\mince\Documents\GitHub\WFFC-Edit\WOFFCEdit\ToolMain.cpp(116,48): warning C4244: '=': conversion from 'double' to 'float', possible loss of data
C:\Users\mince\Documents\GitHub\WFFC-Edit\WOFFCEdit\ToolMain.cpp(117,48): warning C4244: '=': conversion from 'double' to 'float', possible loss of data
C:\Users\mince\Documents\GitHub\WFFC-Edit\WOFFCEdit\ToolMain.cpp(121,48): warning C4244: '=': conversion from 'double' to 'float', possible loss of data
C:\Users\mince\Documents\GitHub\WFFC-Edit\WOFFCEdit\ToolMain.cpp(122,47): warning C4244: '=': conversion from 'double' to 'float', possible loss of data
C:\Users\mince\Documents\GitHub\WFFC-Edit\WOFFCEdit\ToolMain.cpp(123,42): warning C4244: '=': conversion from 'int' to 'float', possible loss of data
C:\Users\mince\Documents\GitHub\WFFC-Edit\WOFFCEdit\ToolMain.cpp(127,50): warning C4244: '=': conversion from 'double' to 'int', possible loss of data
C:\Users\mince\Documents\GitHub\WFFC-Edit\WOFFCEdit\ToolMain.cpp(128,50): warning C4244: '=': conversion from 'double' to 'int', possible loss of data
C:\Users\mince\Documents\GitHub\WFFC-Edit\WOFFCEdit\ToolMain.cpp(138,57): warning C4244: '=': conversion from 'double' to 'float', possible loss of data
C:\Users\mince\Documents\GitHub\WFFC-Edit\WOFFCEdit\ToolMain.cpp(139,57): warning C4244: '=': conversion from 'double' to 'float', possible loss of data
C:\Users\mince\Documents\GitHub\WFFC-Edit\WOFFCEdit\ToolMain.cpp(140,57): warning C4244: '=': conversion from 'double' to 'float', possible loss of data
C:\Users\mince\Documents\GitHub\WFFC-Edit\WOFFCEdit\ToolMain.cpp(141,58): warning C4244: '=': conversion from 'double' to 'float', possible loss of data
C:\Users\mince\Documents\GitHub\WFFC-Edit\WOFFCEdit\ToolMain.cpp(142,58): warning C4244: '=': conversion from 'double' to 'float', possible loss of data
C:\Users\mince\Documents\GitHub\WFFC-Edit\WOFFCEdit\ToolMain.cpp(143,58): warning C4244: '=': conversion from 'double' to 'float', possible loss of data
C:\Users\mince\Documents\GitHub\WFFC-Edit\WOFFCEdit\ToolMain.cpp(144,59): warning C4244: '=': conversion from 'double' to 'float', possible loss of data
C:\Users\mince\Documents\GitHub\WFFC-Edit\WOFFCEdit\ToolMain.cpp(145,56): warning C4244: '=': conversion from 'double' to 'float', possible loss of data
C:\Users\mince\Documents\GitHub\WFFC-Edit\WOFFCEdit\ToolMain.cpp(146,54): warning C4244: '=': conversion from 'double' to 'float', possible loss of data
C:\Users\mince\Documents\GitHub\WFFC-Edit\WOFFCEdit\ToolMain.cpp(147,57): warning C4244: '=': conversion from 'double' to 'float', possible loss of data
C:\Users\mince\Documents\GitHub\WFFC-Edit\WOFFCEdit\ToolMain.cpp(315,32): warning C4244: '=': conversion from 'int' to 'float', possible loss of data
C:\Users\mince\Documents\GitHub\WFFC-Edit\WOFFCEdit\ToolMain.cpp(316,32): warning C4244: '=': conversion from 'int' to 'float', possible loss of data
  Generating Code...
  Win32SimpleSample.vcxproj -> C:\Users\mince\Documents\GitHub\WFFC-Edit\WOFFCEdit\Debug\WoFEdit.exe
